<?xml version="1.0" encoding="UTF-8"?>
<!-- Generated by org.testng.reporters.JUnitReportReporter -->
<testsuite skipped="0" hostname="NIPUNVA01" name="amdocs.testing.automation.Level7ExcelRead.DataProviderWithExcel_002" tests="1" failures="0" timestamp="22 Mar 2018 06:44:10 GMT" time="37.892" errors="0">
  <testcase name="TestFlow" time="37.892" classname="amdocs.testing.automation.Level7ExcelRead.DataProviderWithExcel_002"/>
</testsuite> <!-- amdocs.testing.automation.Level7ExcelRead.DataProviderWithExcel_002 -->
