<?xml version="1.0" encoding="UTF-8"?>
<!-- Generated by org.testng.reporters.JUnitReportReporter -->
<testsuite skipped="0" hostname="NIPUNVA01" name="amdocs.testing.automation.Level9TestNG.TestNGLog4jTest2" tests="1" failures="0" timestamp="21 Mar 2018 11:08:04 GMT" time="38.119" errors="0">
  <testcase name="Testflow" time="38.119" classname="amdocs.testing.automation.Level9TestNG.TestNGLog4jTest2"/>
</testsuite> <!-- amdocs.testing.automation.Level9TestNG.TestNGLog4jTest2 -->
