<?xml version="1.0" encoding="UTF-8"?>
<!-- Generated by org.testng.reporters.JUnitReportReporter -->
<testsuite skipped="0" hostname="NIPUNVA01" name="amdocs.testing.automation.amdocs.testing.automation.Level9TestNG.TestNGTest1" tests="1" failures="0" timestamp="21 Mar 2018 07:06:01 GMT" time="29.982" errors="0">
  <testcase name="f" time="29.982" classname="amdocs.testing.automation.amdocs.testing.automation.Level9TestNG.TestNGTest1"/>
</testsuite> <!-- amdocs.testing.automation.amdocs.testing.automation.Level9TestNG.TestNGTest1 -->
