<?xml version="1.0" encoding="UTF-8"?>
<!-- Generated by org.testng.reporters.JUnitReportReporter -->
<testsuite skipped="1" hostname="NIPUNVA01" name="amdocs.testing.automation.Level9TestNG.PrioritySkip" tests="4" failures="0" timestamp="21 Mar 2018 09:18:00 GMT" time="0.017" errors="0">
  <testcase name="One" time="0.015" classname="amdocs.testing.automation.Level9TestNG.PrioritySkip"/>
  <testcase name="Two" time="0.002" classname="amdocs.testing.automation.Level9TestNG.PrioritySkip"/>
  <testcase name="Four" time="0.000" classname="amdocs.testing.automation.Level9TestNG.PrioritySkip"/>
  <testcase name="Three" classname="amdocs.testing.automation.Level9TestNG.PrioritySkip">
    <skipped/>
  </testcase> <!-- Three -->
</testsuite> <!-- amdocs.testing.automation.Level9TestNG.PrioritySkip -->
