<?xml version="1.0" encoding="UTF-8"?>
<!-- Generated by org.testng.reporters.JUnitReportReporter -->
<testsuite skipped="0" hostname="NIPUNVA01" name="amdocs.testing.automation.Level9TestNG.ParaMeterTest" tests="1" failures="0" timestamp="22 Mar 2018 05:03:45 GMT" time="22.847" errors="0">
  <testcase name="TestFlow" time="22.847" classname="amdocs.testing.automation.Level9TestNG.ParaMeterTest"/>
</testsuite> <!-- amdocs.testing.automation.Level9TestNG.ParaMeterTest -->
