<?xml version="1.0" encoding="UTF-8"?>
<!-- Generated by org.testng.reporters.JUnitReportReporter -->
<testsuite skipped="0" hostname="NIPUNVA01" name="amdocs.testing.automation.Level9TestNG.Grouping" tests="5" failures="0" timestamp="21 Mar 2018 08:47:58 GMT" time="0.019" errors="0">
  <testcase name="car2" time="0.002" classname="amdocs.testing.automation.Level9TestNG.Grouping"/>
  <testcase name="Scooter1" time="0.013" classname="amdocs.testing.automation.Level9TestNG.Grouping"/>
  <testcase name="Sedan1" time="0.002" classname="amdocs.testing.automation.Level9TestNG.Grouping"/>
  <testcase name="Scooter2" time="0.000" classname="amdocs.testing.automation.Level9TestNG.Grouping"/>
  <testcase name="car1" time="0.002" classname="amdocs.testing.automation.Level9TestNG.Grouping"/>
</testsuite> <!-- amdocs.testing.automation.Level9TestNG.Grouping -->
