<?xml version="1.0" encoding="UTF-8"?>
<!-- Generated by org.testng.reporters.JUnitReportReporter -->
<testsuite skipped="0" hostname="NIPUNVA01" name="amdocs.testing.automation.Level9TestNG.Dependency" tests="3" failures="0" timestamp="21 Mar 2018 08:53:43 GMT" time="0.012" errors="0">
  <testcase name="OpenBrowser" time="0.010" classname="amdocs.testing.automation.Level9TestNG.Dependency"/>
  <testcase name="SignIn" time="0.002" classname="amdocs.testing.automation.Level9TestNG.Dependency"/>
  <testcase name="LogOut" time="0.000" classname="amdocs.testing.automation.Level9TestNG.Dependency"/>
</testsuite> <!-- amdocs.testing.automation.Level9TestNG.Dependency -->
