<?xml version="1.0" encoding="UTF-8"?>
<!-- Generated by org.testng.reporters.JUnitReportReporter -->
<testsuite skipped="0" hostname="NIPUNVA01" name="amdocs.testing.automation.Level9TestNG.BeforeAfterTest" tests="1" failures="0" timestamp="21 Mar 2018 07:30:05 GMT" time="0.006" errors="0">
  <testcase name="f" time="0.006" classname="amdocs.testing.automation.Level9TestNG.BeforeAfterTest"/>
</testsuite> <!-- amdocs.testing.automation.Level9TestNG.BeforeAfterTest -->
